<?xml version="1.0" encoding="UTF-8"?>
<testsuite name="Test nouvelle partie:" tests="2" skipped="0" failures="0" errors="0" timestamp="2024-10-14T08:56:39" hostname="DESKTOP-8EUHVVO" time="1.602">
  <properties/>
  <testcase name="ne peut pas redÃ©marrer" classname="org.iut.mastermind.domain.partie.TestNouvellePartie" time="1.565"/>
  <testcase name="est correctement initialisÃ©e" classname="org.iut.mastermind.domain.partie.TestNouvellePartie" time="0.034"/>
  <system-out><![CDATA[]]></system-out>
  <system-err><![CDATA[]]></system-err>
</testsuite>
